10110001011111110000011101110
11101001101001000110110101100111
11110101010011000000000010110
1001000011100000010010110111000
11111101001011110101000010100100
1111100101111110110110001000110
1100100001100001111010011000100
10000011000000100110100111011011
11110101011110010111111110110001
10010101110101000110101010111010
1010100011011100111011010111000
10101010111100100101100000111001
1000000000001100110001000000011
10000000000000000101011000101
101000100100111110000001000100
10011000111101100100101101111111
10101011000110010010011000100101
1001010001001010111010101011
10101100001110110101001111100101
10100101100100010111011001011101
10001010110110101011000110100111
10111110111111111000010101111110
10010100010100000010011010000011
1001100001001010100100001001100
1011100010000111101111011011100
10101110111100101000101110110010
11100101111000010100000010010011
11011001100011111100100011101110
1001110000011111010000010111011
11001110111010111111101010010010
101010001001010110100000010010
100101000101000001001100100001
1111110101011000100001011111011
1000010010000001001001001011011
111001110011101010100010111
1110110000010010101011111011010
11011111001010110011001001001
111111110111100111011111111101
11011110101111010011111110110
10101011111110110101001100001010
101011101010101001110111010010
10000101100110010111001011110011
1110100111010111011010011001001
111110111111101000001001101001
1011001100110010000011000001100
10001111101110100110111001011001
11011111100010010101111111010
11001111010110101010001011110011
1100011010100011011100000010010
1000001011101011100000101000011
1111001100100101101001100001011
11000111001000010110000111011110
11010110110011010001010100010110
11010010101111100101001111010111
110011111110110110101110010011
11011110110011001110000111101011
10000100010001111111100110001010
101010100100110110001010000100
11100011000011111101101101010110
10110011001101110111010001001100
10010000000111000010000011
10011010110110111110111011011100
1000111100101100111100111100010
11110000111000101110101101001100
110010101100010010100010010
1000110011000000011011011100110
10101010111000011001001001110110
11110101101100101001101001111101
1000010001110101100011100111110
10011010111001111011011010100110
10100011001100010100010001010
10101001111010011011100101101000
111000001101110011110001011011
1111010010110001011101101110
11010000111111011101011000101011
1100011010110010111001011011110
10001101001111111100101010110111
1000100011100101100001010011010
10110111011010101111101110001
1011100101100111001001110001000
1111101001100100100111000100100
10011110101011101100011000110100
1100001000101100101110011100000
1000001011011101000110111110
11000101011101101110110100000101
111110011010011101000000001101
10001110101111010101010000111011
10101100111111010100100000110110
1110011010001110111000101100110
1000001111111001110111000000000
10111010000000101000100010100000
10010010110000001001100101000100
100101001001111000001011101001
100010100100000111100111101011
11100111000000110001100001101110
11000111000101010011000111001110
110011111100100010001011011100
10100111011101011000110001100010
11001000100101100011100100101100
10001110101101110001000101011100
1000111101110100111101110011100
1100110100110110001011000010100
11001000101111111001010111111100
110100101001100100001111100
101000000101111110010101011100
1001010010000001101110010000111
10101110010000110110000110110001
11101101110101101010101110001000
10101010100000100000101100001111
1010000101011010001111001110101
11001001101101100110100111100
1011001111001001010101110101000
1111011110111111101010011001
10010110111001100001000101000101
10110111100011100111111110100101
101101111111101111011101010110
11010110001110100100011111110101
10100111000000111101001111
1001010111011111000001000101100
10001100111101101011100100100100
10010101000100100101101101101011
10111001010011000001000100010011
1001000001101000100000101110000
11110001011111001100100001000011
11011110010010100000101001111
1101011110010110010010010011101
1010100010001000111010000000000
11000101001110101010011100000111
11100001101000100100110101101011
110010110100100010001011101101
11100010010000011100000111010110
1101001111111010010100111010110
11100011101110100110111011111000
11000100001111111110100110111000
110100010000010101110000111111
100000110111101110011000001
11001000101110001001110000010101
11010011111100001100100010001000
101111110010010101111111101011
11000100011101011001111001101010
10000000110111010111100110011010
11101001011000011000110001010111
11011001000010010010110011100011
11010000101111110110011100010011
11000100110110000101100100110011
111010000010011001000010101111
1110101100000011100111000101011
1000001110001000010000100010101
1000001001101011010000110000101
10111110101001101001101010001100
10010100011110110100001100010011
1111111010100010100010100000111
111010010010000101000110111
10000000001001000100101110110011
1000011101100001101110010000011
1010100000101100100010110011000
1011111010111011110010110010110
1101010111001010011000111111100
11000001010001010101100101010101
101011001110100101111000010110
10101100100101000001111000100111
11101101010101011101101001101100
111000001101001010010000011011
11101111100100011010111101111111
1001001110011010011011010111000
10100011000111100001010000010111
100100111010100100011001110010
10001110100001001010100100011110
1110101101110101101110010111
1010000001111111111011100111011
11111001010100000111000011111011
10010000000110111000000101100010
10010000000111010000000101111010
11001010010000101100111001011110
11101000110101010100000110001101
1000111101101110010010001010110
11100011010000010010000110111110
1011111100010001101110011101000
1000000010111010000001001010101
10111101011010101001110100010000
10010110011110001000110000101100
11101011100011010011110000011110
10110001101011001111001101101110
1001100110010110011100101101110
10010111101100100111101101100001
11101010000010101100100110011000
10100010011111000101001100010101
1111110111110101100101000101100
11000011011001110110000011111110
111001001111011110110001110011
11101101111111001111101101100000
111010001010010000000100000110
101111010100110100011100111110
100111111100010011110010000111
11011111000111100110000101100010
1110101010000100011101001101011
11000011001110110000000011101101
10000000101010110001001000110011
10100111011001011100000001100011
11110100011101110100000111000000
101001101101110000000101011011
10001000000010001100101110110001
10100011000111101110010010111010
10111101100001001101110000001011
11000010111101101000001000110000
11111111111100001011110011100101
101100000010001110101010011111
10010110101010010001001110001001
10100100001111111110110011011
10111010010100110111111110110101
11111111100010101001100010010101
10101011111000000011111110100111
11001010110010001000011111001100
100111000010101010011010101010
10000111000010011111011010001010
1110100000010001111011110010000
100000110000111000101110011100
1110010101011110011100101100000
1001101000011010110111100010011
1001111111110011110001100100101
101010011110111101011001001101
10010101000010100100010000010111
1000010111111100111010110111010
10111000110100011001001011111001
110101110100110111100011010001
1001101000011000111000000110001
10110101100001010110010011110
1111110110011100111001011111110
11110000011101100000000111110010
11011110100101010010011100010001
10000011001111011100101110001110
1001000001011110101101000110111
100111010001011000110100111101
11010111110101010100000000010000
101001111011000011111000100100
10100101010110011111001110001000
1001000101101011110000100111110
10011111100111101010111011110010
10001110001011110101010111111101
10110010111001010000100110000011
11111011001101010110100100001101
10100101011001101010001111101010
111101011010011101100111000001
1001100110100000110001010111100
10110010110010101011000000000111
10111000011110110001010111011101
11111001001000011000101101100110
110011111000110101001100010100
110001010100101101101000111111
100111110110011010000010011011
11001111000111100001101001111110
1110110001110010111001110101010
11010010100100010000111011000110
11110010111010011011111110001100
11001110001010110110100010011001
10110010001100000100111001110011
11101011110010100111101000101100
11010010010000110100101100101000
111011111111101010101001000101
11001001110100100111010100100
1110001010101110010000111000110
11011111101110010111000010111110
1110010001111000001111110010
10110100000110111111111010010110
1010110101111011110001101110111
10100111000101010111010011111111
10010011110100111001010011110101
10110110101110111001010001011110
10010101110110001000100011101110
11010111111111001011000010110100
101111101000000110110100
110110111001110101011101110110
100011110111001010001100101001
11000001110011000011001100101010
10101110101111011001111010011010
1011011110000101001000000000111
10110101010111000000011011011111
1111010111111111100101011000000
11101100111100000101011100001010
10111101111101100001101101110011
1111001111100101010000100110111
1011101000011110011010010111110
11010110001001100001110000011
11110111010101101001110000011
1000111110111011110001000010100
11010001000011110001011000010110
11001011010101000101101110011101
10000111111001011100011101010000
11011110000011110010011001001001
1000011111011100101100101101000
11011100000110101001001001101
10010111111011101001111000110010
10100100101101101011000100101000
1001001101010000111011000010111
10001001110000110001110101
10111110000011000111111101011
1010110110110111100110001100110
11110001100100100011110101101000
10101101010111000110110110110010
1101001001101011101111010001101
1010011110001011100011001001101
11010000010001010111100111101101
11011111010101010011111001110
11110100001111001100110111100011
110010101101011001101110111110
10110101011001110000010010011110
10011111100011011110011010000110
110110000101001000111010111111
1110010101111010001011110010001
1110011111010010000011010
11100101001100100001100011110011
10100000010100100110011001100101
10011100110001000000110101001
1000000011100111110011110000001
11100111110101101001000000100101
1000111111101000010010011100001
11111011001110011001000010000001
110111111100111110000110000101
1011011100110101000111100010011
11101101110000110100111111010100
10101010010101011011010011001001
11111001101100010110101001101011
111000001010111100011011011001
1010101011101001111101111001010
111001011111110101010101010110
1101110101000000111100100110001
10110110101000100101010100101100
1110111101011100001000100000011
10010010001001001010010111001111
1101100100110100111111000001001
1000101010000010100001110111110
11001001000000101110110101001010
1111010000000001111110011101101
100101101001110101111111001010
1000010010010101100110100101100
111111100101001110111011100010
1111101100001110111000001001
11001000011110111000000001101
10111001101001110001010001010110
11010101001100011100011010
1100111100000000111110010010111
11111110110011001110101100111100
101111100001011011000101101111
10000010101100001110001000100010
11000011001110110100110100001000
11110101100101111110001000110110
11010011011100010000110100100101
10010010011001111010000110111010
1000010100011110010000010010100
11000001010011000000001100100110
101010110010000001100101100110
10000011110010000111010100001000
1001010110010111111100010000111
10010001001110101000010101110110
10000101111011100110011011010111
11110010010110011000010101101110
10001111010001000110100010010
10100110010011000011010001100100
1000010110000010110101101100101
1111010000011011000101000100000
1110100101001111010010001100111
10000100000010110010101001011011
10111101011111011010000111111001
1100111001101110100010111010
10101010110101111011110101100110
11101011101100101110011010111
111000111000000100001001011000
111100111110100001101100000001
11100000001011010011010001010000
10101101110011100100100000011
10011101101110100101011000000010
11111111101001100111100011000011
1101101100010000001100101111110
1001101110110001111001101001010
1101111000101110001000100011
11001100101100111111101011010101
11011110000001100101010001101011
1101101010100011010001011011111
11100010000111001010110101001101
10010111011010011110001101000100
11001111011000010101010101011001
10001000100011110001001011001011
11101110111001110110110010001111
1101110100100110101001110100001
10010011111000010010001111110000
1110010011011110111001100110000
100101011001001100111001011000
10011100110010000101010111111110
1110100011001011110100110001100
10000100110000001011101000011110
10101100000111001000000111101100
110011111101100001101111100001
1100001010101111101101001100111
11101100001111101001011001101110
100001100100111000001100100010
10010101001010001101111101001000
11000110010101000110000001101110
1000010001101111010011001111010
1110010000000111000111111000100
111001000000000110001101111100
111110110001001011000101011
1101011011010001001011000100101
11100001101111000111101111001110
101111010010101110100001010101
10100110100011111110011011001001
11010101001111110001101010110011
1010000010001101010101001100
11100010111000010010100010000001
11101110110010100010001001110110
10110011100010101001101000010001
11000101110011000001101011011010
10110110001110001101001000111000
1110010111101101101111111001111
1101110111100010110001110110111
101100000011010001010000000010
11011000100010000001101010001111
10100010101111001100100001111100
10001101011111101001010111000111
11011110111100000000100001
10110000101101000111000101010101
1001110100101111011010100010100
1010111001011111010001000011
101100011111011011111110010110
11010111110001110101111110011011
110111110011010000111011100001
1101001111110100001011001110010
10011111110000111011111101111100
10011110111001111010000010100
1010000011101110110000100011011
10011010100010001100010100000110
11000000010011110101101101110010
10001110110101001100100110111111
10010010011010100110101011100010
11010011111111101001101100110101
11011011101111100000110010000
11011000111011000011100110010
1101000110000111010011001101110
11101110101110101111000101101010
11001101110110000011011000010111
110011011111000100100001100101
10000100011001101100110101001001
1011000000110100011011101111011
10111101111110110111010100001100
11100011101000111010111011011111
10100111110000011011101101011
10101111110100111100010111111001
1100011101011000001100011000111
1000000110000001111001000001111
10111111010110111100111000111011
1101001000110111100000111001100
10100100001100000000000101011011
11011001001011101010010001001010
11010110101111111011110111010000
10001110000101001001001101111110
1001010000111100011110111111110
10111110011101111000000110111111
11100110000001011110110001110110
11001110110111101111110101100000
1010101000101010101011000100001
101101011111011101100011101011
1001010101010010101010101010001
11100101000101100111110101110
1111110011010011010001000110011
1010000011000001011111000000100
11000010110110010010110111001000
11011000101000000101101100001111
10000111011000011100100100101000
1111000110001010100000000010110
10010000010001001010000010000111
1001001000000011011011101010001
1111011100110100011001111001001
1010101101110011101110010111010
10011001010101011001011011000000
1110101101001100001111000101101
11101100100110100110100110011111
11110110110010101101011010011110
100100011010001000100010011
10111100000111001000110101001000
11101110010100011110110110101101
11010001011011101001000111000010
10100100100100101011100100010001
1011111000000110001101100100001
101111110000010110001000100001
10101101010010101100111010100001
10100000001010011001000101010011
10011110110110000101110001101111
11011111000001101001011000001110
10010001010100111000111110000101
1011110011001000101100101000110
1111011101010010110011011010100
11100001101111111110111101001101
11001101100010100010101000001100
11111010001001011001001001110001
11100010100001100010100100100010
11010011110101100001100110000011
111100001100010001011111111111
11001011111100010110100000110010
1101010011100101010100011110101
11011101100100100101100110110011
100010011110000110010100001110
10001010000110101110100010001
10111110000010110011100110000001
10111000011110010000010000010
10010110010000110100001001101101
11110001111010100001111011000100
1110110101010111011000100011001
1111101111000110010011001011101
10011010100101011000010010100000
10011001110011110011100101110110
10101110010001101110011011111000
10110011101111100000000111110001
1111000011010000110110101101111
10111010101110111100001000000
1110110101100111111101011100100
100111100010011111100111000
10000000010111100101001001001
1101100111010110011011000110001
1101100000111111110100011101101
1100011001100100111011001011
11001000010110011111100001011010
110011110000101011101001101011
10110110011000000100110010000010
1000101110111010001001100001001
11001101111100110001111001110010
10110111000010100000100010111110
10010111110001000000111100010110
11000100110010100110100101101101
10110111100100111010000110110000
11000001011100110110011001110101
100110100011101001010001110110
10011000001011010011110110001101
11100001110101110010001111001000
10010111000010111000111001010
111000111101100101011010011011
10010110001100010101001100010110
1111011000100001111011101110
1010011111110100111011100001010
101001111111010101100000110100
10000110000010110001100100111101
1010110101010101111000101000100
1001111101001101111101001111111
11001111111100110110010000101010
11111011111110110101001001100
1010000001010001110111011
10011110001000011110000001011110
1110010111100101111010101101001
1111011110100110010010011010100
1010111100110001111101001011101
1000001110110010000001011100000
1010111010001011110001110011101
11100110100011000101010110011100
100011001011110110001100011010
1100001110010001110100100100100
11001011010110010001010001001001
11100100100110001100001111000100
100111101010010011111101011111
101101100000100100001011110111
1101000011000100111110010101110
11011001110110100101010110011111
10111111101110011010000101101110
1101010001001010011110110011011
11101000011011000101100111001001
11000001010000110010001100011111
11101011110010010010100100100
10111011000110101010110011001100
10101011000001011011100001100110
10011101001101000101111100011010
1011010101110000001100011000110
11111011101010110110101010011001
10010000001111110001011100101001
10111010001110111101001001011001
11010010111010101011000101110010
1110111011111100100010011000000
10100010111111000110110001100
11100001000000101101000001001011
10010111100001010010111001011
10110001110001100010011010001101
10010101110101000001111101000101
10000010110001101000101000110101
10111100000100000110101111011011
1010111001000001111011100011000
11001101100101101100111000010010
10010101000100101110101100000110
1000011001001010111110101010100
1011100111111010101111000010111
1100010100000101101100000001101
10101011010101110011000111010100
1100010010010011001001111011010
11111111101100011011110101011000
11001000000010100111000110101101
10010000011101101100111101011010
11101000101011111011011000010101
1110100111000100101010010101100
10001011100001011111100011110101
101001010001111001000111010
110101110101011111100101001111
11111110110100010011001000110000
11001110111110011011100000011100
11100111110010110111001110010111
11000101100010111101000110110
11000011111000010001101100100001
11100010101000110101011111101110
11100011001111001110000001101001
10100100011011111101111000001
10011000000010010110101001111011
11010011000110011100110101010001
10111111010110100100001100101111
1101100100010100101000010100
11101010100101111001000111111001
1000110100111100010100111000011
111101010010110110111000100100
110000110011000010001000000111
1110000001011001101110000000101
1111001010001101111010000001101
11100010000010111110111010011
11111110111111111111111010011010
1000101011110110010101100100101
11100110110000101011000111111001
10100001011110010000011110101000
111000010110100111111010001110
10000100110001101000101100000010
1000100010100111110000101000000
11010101110101000111011101011011
1000010011101010001111111011101
YourPincodeHere...
